Discord 0.0.58

(Discord:14976): Gtk-WARNING **: 23:11:42.563: Theme parsing error: gtk.css:1:21: Failed to import: Error opening file /home/omzz88/snap/discord/195/.config/gtk-3.0/colors.css: No such file or directory
Gtk-Message: 23:11:42.588: Failed to load module "colorreload-gtk-module"
Gtk-Message: 23:11:42.588: Failed to load module "window-decorations-gtk-module"
[14976:0705/231142.615574:ERROR:zygote_host_impl_linux.cc(273)] Failed to adjust OOM score of renderer with pid 15087: Permission denied (13)
Starting app.
Starting updater.
2024-07-05T23:11:42.663Z [Modules] Modules initializing
2024-07-05T23:11:42.664Z [Modules] Distribution: remote
2024-07-05T23:11:42.664Z [Modules] Host updates: disabled
2024-07-05T23:11:42.664Z [Modules] Module updates: enabled
2024-07-05T23:11:42.664Z [Modules] Module install path: /home/omzz88/snap/discord/195/.config/discord/0.0.58/modules
2024-07-05T23:11:42.665Z [Modules] Module installed file path: /home/omzz88/snap/discord/195/.config/discord/0.0.58/modules/installed.json
2024-07-05T23:11:42.665Z [Modules] Module download path: /home/omzz88/snap/discord/195/.config/discord/0.0.58/modules/pending
splashScreen.initSplash(false)
CDM component API found
/usr/share/libdrm/amdgpu.ids: No such file or directory
blackbox: 2024-07-05T23:11:42.778Z 0 

----------------------------------------------
CDM work timed out
blackbox: 2024-07-05T23:11:42.944Z 1 Discord starting: {"releaseChannel":"stable","version":"0.0.58"}, modulepath: /home/omzz88/snap/discord/195/.config/discord/0.0.58/modules
blackbox: 2024-07-05T23:11:42.948Z 2 ✅ webContents.created web1 ""
blackbox: 2024-07-05T23:11:42.951Z 3 ✅ window.created win1 "discord"
splashScreen: SPLASH_SCREEN_READY
splashScreen.webContentsSend: SPLASH_SCREEN_QUOTE SPLASH_SCREEN_QUOTE [ 'Hold Tight — Loading Discord' ]
2024-07-05T23:11:43.066Z [Modules] No updates to install
splashScreen: no-pending-updates
2024-07-05T23:11:43.067Z [Modules] Host is up to date.
2024-07-05T23:11:43.067Z [Modules] Checking for module updates at https://discord.com/api/modules/stable/versions.json
splashScreen: checking-for-updates
splashScreen.updateSplashState checking-for-updates checking-for-updates {}
splashScreen.webContentsSend: SPLASH_UPDATE_STATE SPLASH_UPDATE_STATE [ { status: 'checking-for-updates' } ]
blackbox: 2024-07-05T23:11:43.216Z 4 ✅ webContents.did-finish-load web1
2024-07-05T23:11:43.384Z [Modules] No module updates available.
splashScreen: update-check-finished true 0 false
CDM completed with status (old updater): undefined
splashScreen.launchMainWindow: false
Optional module ./ElectronTestRpc was not included.
splashScreen.updateSplashState launching launching {}
splashScreen.webContentsSend: SPLASH_UPDATE_STATE SPLASH_UPDATE_STATE [ { status: 'launching' } ]
blackbox: 2024-07-05T23:11:43.541Z 5 ✅ webContents.created web2 ""
[14976:0705/231143.549253:ERROR:object_proxy.cc(576)] Failed to call method: org.freedesktop.login1.Manager.Inhibit: object_path= /org/freedesktop/login1: org.freedesktop.DBus.Error.AccessDenied: An AppArmor policy prevents this sender from sending this message to this recipient; type="method_call", sender=":1.149" (uid=1000 pid=14976 comm="/snap/discord/195/usr/share/discord/Discord --use-" label="snap.discord.discord (enforce)") interface="org.freedesktop.login1.Manager" member="Inhibit" error name="(unset)" requested_reply="0" destination="org.freedesktop.login1" (uid=0 pid=716 comm="/lib/systemd/systemd-logind " label="unconfined")
blackbox: 2024-07-05T23:11:43.551Z 6 ✅ window.created win2 "Discord"

(Discord:14976): IBUS-WARNING **: 23:11:43.553: Failed to mkdir /home/omzz88/snap/discord/195/.config/ibus/bus: Not a directory
legacyModuleUpdater: installed-module discord_krisp 1 1 true
legacyModuleUpdater: installed-module discord_game_utils 1 1 true
mainScreen.UpdaterEvents: UPDATER_HISTORY_QUERY_AND_TRUNCATE
WEIGHT /home/omzz88/snap/discord/195/.config/discord/0.0.58/modules/discord_krisp/c5.n.s.20949d.kw
WEIGHT /home/omzz88/snap/discord/195/.config/discord/0.0.58/modules/discord_krisp/c5.s.w.c9ac8f.kw
WEIGHT /home/omzz88/snap/discord/195/.config/discord/0.0.58/modules/discord_krisp/c6.f.s.ced125.kw
WEIGHT /home/omzz88/snap/discord/195/.config/discord/0.0.58/modules/discord_krisp/VAD_model.kw
mainScreen.on(did-finish-load) false false
splashScreen.pageReady
blackbox: 2024-07-05T23:11:47.786Z 7 ✅ webContents.did-finish-load web2
mainScreen.UpdaterEvents: UPDATER_HISTORY_QUERY_AND_TRUNCATE
mainScreen.UpdaterEvents: UPDATER_HISTORY_QUERY_AND_TRUNCATE
blackbox: 2024-07-05T23:11:47.924Z 8 window.close win1
blackbox: 2024-07-05T23:11:47.938Z 9 webContents.destroyed web1
blackbox: 2024-07-05T23:11:47.940Z 10 window.closed win1
DiscordProcessObserver: Skipping ''
[14976:0705/231149.133863:ERROR:object_proxy.cc(576)] Failed to call method: org.kde.KWallet.isEnabled: object_path= /modules/kwalletd5: org.freedesktop.DBus.Error.AccessDenied: An AppArmor policy prevents this sender from sending this message to this recipient; type="method_call", sender=":1.346" (uid=1000 pid=14976 comm="/snap/discord/195/usr/share/discord/Discord --use-" label="snap.discord.discord (enforce)") interface="org.kde.KWallet" member="isEnabled" error name="(unset)" requested_reply="0" destination="org.kde.kwalletd5" (uid=1000 pid=1472 comm="/usr/bin/kwalletd5 " label="unconfined")
[14976:0705/231149.133905:ERROR:kwallet_dbus.cc(112)] Error contacting kwalletd5 (isEnabled)
[14976:0705/231149.134386:ERROR:object_proxy.cc(576)] Failed to call method: org.kde.KLauncher.start_service_by_desktop_name: object_path= /KLauncher: org.freedesktop.DBus.Error.ServiceUnknown: The name org.kde.klauncher was not provided by any .service files
[14976:0705/231149.134420:ERROR:kwallet_dbus.cc(81)] Error contacting klauncher to start kwalletd5
[14976:0705/231149.134651:ERROR:object_proxy.cc(576)] Failed to call method: org.kde.KWallet.close: object_path= /modules/kwalletd5: org.freedesktop.DBus.Error.AccessDenied: An AppArmor policy prevents this sender from sending this message to this recipient; type="method_call", sender=":1.346" (uid=1000 pid=14976 comm="/snap/discord/195/usr/share/discord/Discord --use-" label="snap.discord.discord (enforce)") interface="org.kde.KWallet" member="close" error name="(unset)" requested_reply="0" destination="org.kde.kwalletd5" (uid=1000 pid=1472 comm="/usr/bin/kwalletd5 " label="unconfined")
[14976:0705/231149.134684:ERROR:kwallet_dbus.cc(502)] Error contacting kwalletd5 (close)
legacyModuleUpdater: installed-module discord_krisp 1 1 true
legacyModuleUpdater: installed-module discord_game_utils 1 1 true
mainScreen.UpdaterEvents: UPDATER_HISTORY_QUERY_AND_TRUNCATE
mainScreen.UpdaterEvents: UPDATER_HISTORY_QUERY_AND_TRUNCATE
mainScreen.on(did-finish-load) false true
splashScreen.pageReady
splashScreen.destroySplash: splashWindow is null.
blackbox: 2024-07-05T23:11:49.725Z 11 ✅ webContents.did-finish-load web2
mainScreen.UpdaterEvents: UPDATER_HISTORY_QUERY_AND_TRUNCATE
mainScreen.UpdaterEvents: CHECK_FOR_UPDATES UPDATE_NOT_AVAILABLE
2024-07-05T23:11:50.026Z [Modules] Host is up to date.
2024-07-05T23:11:50.026Z [Modules] Checking for module updates at https://discord.com/api/modules/stable/versions.json
2024-07-05T23:11:50.031Z [Modules] No module updates available.
legacyModuleUpdater: update-check-finished
legacyModuleUpdater: installed-module discord_rpc 1 1 true
mainScreen.UpdaterEvents: UPDATER_HISTORY_QUERY_AND_TRUNCATE
notificationScreen.webContentsSend: win is invalid undefined.
blackbox: 2024-07-05T23:11:55.169Z 12 before-quit
blackbox: 2024-07-05T23:11:55.176Z 13 window.close win2
blackbox: 2024-07-05T23:11:55.185Z 14 webContents.destroyed web2
